#-----------------------------------------------------------
# Vivado v2020.2 (64-bit)
# SW Build 3064766 on Wed Nov 18 09:12:45 MST 2020
# IP Build 3064653 on Wed Nov 18 14:17:31 MST 2020
# Start of session at: Tue Dec 12 15:29:07 2023
# Process ID: 71660
# Current directory: S:/univer/sem2_1/digital_experiment/exp_6/Lab6_xterm
# Command line: vivado.exe -gui_launcher_event rodinguilauncherevent70780 S:\univer\sem2_1\digital_experiment\exp_6\Lab6_xterm\Lab6_xterm.xpr
# Log file: S:/univer/sem2_1/digital_experiment/exp_6/Lab6_xterm/vivado.log
# Journal file: S:/univer/sem2_1/digital_experiment/exp_6/Lab6_xterm\vivado.jou
#-----------------------------------------------------------
start_gui
open_project S:/univer/sem2_1/digital_experiment/exp_6/Lab6_xterm/Lab6_xterm.xpr
Scanning sources...
Finished scanning sources
INFO: [IP_Flow 19-234] Refreshing IP repositories
INFO: [IP_Flow 19-1704] No user IP repositories specified
INFO: [IP_Flow 19-2313] Loaded Vivado IP repository 'G:/vivado/Vivado/2020.2/data/ip'.
update_compile_order -fileset sources_1
exit
INFO: [Common 17-206] Exiting Vivado at Tue Dec 12 16:42:34 2023...
