#-----------------------------------------------------------
# Vivado v2020.2 (64-bit)
# SW Build 3064766 on Wed Nov 18 09:12:45 MST 2020
# IP Build 3064653 on Wed Nov 18 14:17:31 MST 2020
# Start of session at: Mon Oct 23 20:25:15 2023
# Process ID: 24036
# Current directory: C:/Users/86150/Desktop/lab5_keyboard
# Command line: vivado.exe -gui_launcher_event rodinguilauncherevent10420 C:\Users\86150\Desktop\lab5_keyboard\lab5.xpr
# Log file: C:/Users/86150/Desktop/lab5_keyboard/vivado.log
# Journal file: C:/Users/86150/Desktop/lab5_keyboard\vivado.jou
#-----------------------------------------------------------
start_gui
open_project C:/Users/86150/Desktop/lab5_keyboard/lab5.xpr
INFO: [Project 1-313] Project file moved from 'C:/Users/HP/Desktop/lab5_keyboard' since last save.
WARNING: [filemgmt 56-2] Default IP Output Path : Could not find the directory 'C:/Users/86150/Desktop/lab5_keyboard/lab5.gen/sources_1', nor could it be found using path 'C:/Users/HP/Desktop/lab5_keyboard/lab5.gen/sources_1'.
CRITICAL WARNING: [Project 1-311] Could not find the file 'C:/Users/86150/Desktop/lab5/seg7decimal.v', nor could it be found using path 'C:/Users/HP/Desktop/lab5/seg7decimal.v'.
CRITICAL WARNING: [Project 1-311] Could not find the file 'C:/Users/86150/Desktop/lab5/MouseReceiver.v', nor could it be found using path 'C:/Users/HP/Desktop/lab5/MouseReceiver.v'.
CRITICAL WARNING: [Project 1-311] Could not find the file 'C:/Users/86150/Desktop/lab5/KeyBoardReceiver.v', nor could it be found using path 'C:/Users/HP/Desktop/lab5/KeyBoardReceiver.v'.
CRITICAL WARNING: [Project 1-311] Could not find the file 'C:/Users/86150/Desktop/lab5/KeyBoardTest.v', nor could it be found using path 'C:/Users/HP/Desktop/lab5/KeyBoardTest.v'.
CRITICAL WARNING: [Project 1-311] Could not find the file 'C:/Users/86150/Desktop/lab5/kbcode2ascii.v', nor could it be found using path 'C:/Users/HP/Desktop/lab5/kbcode2ascii.v'.
CRITICAL WARNING: [Project 1-311] Could not find the file 'C:/Users/86150/Desktop/lab5/KeyboardSim.v', nor could it be found using path 'C:/Users/HP/Desktop/lab5/KeyboardSim.v'.
CRITICAL WARNING: [Project 1-311] Could not find the file 'C:/Users/86150/Desktop/lab5/clkgen.v', nor could it be found using path 'C:/Users/HP/Desktop/lab5/clkgen.v'.
CRITICAL WARNING: [Project 1-311] Could not find the file 'C:/Users/86150/Desktop/lab5/KeyboardSim.xdc', nor could it be found using path 'C:/Users/HP/Desktop/lab5/KeyboardSim.xdc'.
CRITICAL WARNING: [Project 1-311] Could not find the file 'C:/Users/86150/Desktop/lab5/KeyBoardTest.xdc', nor could it be found using path 'C:/Users/HP/Desktop/lab5/KeyBoardTest.xdc'.
CRITICAL WARNING: [Project 1-311] Could not find the file 'C:/Users/86150/Desktop/lab5/MouseReceiver.xdc', nor could it be found using path 'C:/Users/HP/Desktop/lab5/MouseReceiver.xdc'.
Scanning sources...
Finished scanning sources
INFO: [IP_Flow 19-234] Refreshing IP repositories
INFO: [IP_Flow 19-1704] No user IP repositories specified
INFO: [IP_Flow 19-2313] Loaded Vivado IP repository 'G:/vivado/Vivado/2020.2/data/ip'.
update_compile_order -fileset sources_1
exit
INFO: [Common 17-206] Exiting Vivado at Mon Oct 23 20:26:18 2023...
