#-----------------------------------------------------------
# Vivado v2020.2 (64-bit)
# SW Build 3064766 on Wed Nov 18 09:12:45 MST 2020
# IP Build 3064653 on Wed Nov 18 14:17:31 MST 2020
# Start of session at: Mon Oct 23 20:27:05 2023
# Process ID: 16764
# Current directory: S:/univer/sem2_1/digital_experiment/exp_5/lab5_keyboard
# Command line: vivado.exe -gui_launcher_event rodinguilauncherevent27784 S:\univer\sem2_1\digital_experiment\exp_5\lab5_keyboard\lab5.xpr
# Log file: S:/univer/sem2_1/digital_experiment/exp_5/lab5_keyboard/vivado.log
# Journal file: S:/univer/sem2_1/digital_experiment/exp_5/lab5_keyboard\vivado.jou
#-----------------------------------------------------------
start_gui
open_project S:/univer/sem2_1/digital_experiment/exp_5/lab5_keyboard/lab5.xpr
INFO: [Project 1-313] Project file moved from 'C:/Users/86150/Desktop/lab5_keyboard' since last save.
WARNING: [filemgmt 56-2] Default IP Output Path : Could not find the directory 'S:/univer/sem2_1/digital_experiment/exp_5/lab5_keyboard/lab5.gen/sources_1', nor could it be found using path 'C:/Users/86150/Desktop/lab5_keyboard/lab5.gen/sources_1'.
CRITICAL WARNING: [Project 1-311] Could not find the file 'S:/univer/sem2_1/digital_experiment/exp_5/lab5/clkgen.v', nor could it be found using path 'C:/Users/86150/Desktop/lab5/clkgen.v'.
Scanning sources...
Finished scanning sources
INFO: [IP_Flow 19-234] Refreshing IP repositories
INFO: [IP_Flow 19-1704] No user IP repositories specified
INFO: [IP_Flow 19-2313] Loaded Vivado IP repository 'G:/vivado/Vivado/2020.2/data/ip'.
update_compile_order -fileset sources_1
reset_run synth_1
launch_runs impl_1 -to_step write_bitstream -jobs 14
[Mon Oct 23 20:28:41 2023] Launched synth_1...
Run output will be captured here: S:/univer/sem2_1/digital_experiment/exp_5/lab5_keyboard/lab5.runs/synth_1/runme.log
[Mon Oct 23 20:28:41 2023] Launched impl_1...
Run output will be captured here: S:/univer/sem2_1/digital_experiment/exp_5/lab5_keyboard/lab5.runs/impl_1/runme.log
open_hw_manager
connect_hw_server -allow_non_jtag
INFO: [Labtools 27-2285] Connecting to hw_server url TCP:localhost:3121
INFO: [Labtools 27-2222] Launching hw_server...
INFO: [Labtools 27-2221] Launch Output:

****** Xilinx hw_server v2020.2
  **** Build date : Nov 18 2020 at 10:01:48
    ** Copyright 1986-2020 Xilinx, Inc. All Rights Reserved.


INFO: [Labtools 27-3415] Connecting to cs_server url TCP:localhost:3042
INFO: [Labtools 27-3417] Launching cs_server...
INFO: [Labtools 27-2221] Launch Output:


******** Xilinx cs_server v2020.2
  ****** Build date   : Nov 04 2020-05:02:56
    **** Build number : 2020.2.1604437376
      ** Copyright 2017-2020 Xilinx, Inc. All Rights Reserved.



connect_hw_server: Time (s): cpu = 00:00:00 ; elapsed = 00:00:07 . Memory (MB): peak = 1210.148 ; gain = 0.000
open_hw_target
INFO: [Labtoolstcl 44-466] Opening hw_target localhost:3121/xilinx_tcf/Digilent/210292B62253A
set_property PROGRAM.FILE {S:/univer/sem2_1/digital_experiment/exp_5/lab5_keyboard/lab5.runs/impl_1/keyboard.bit} [get_hw_devices xc7a100t_0]
current_hw_device [get_hw_devices xc7a100t_0]
refresh_hw_device -update_hw_probes false [lindex [get_hw_devices xc7a100t_0] 0]
INFO: [Labtools 27-1435] Device xc7a100t (JTAG device index = 0) is not programmed (DONE status = 0).
set_property PROBES.FILE {} [get_hw_devices xc7a100t_0]
set_property FULL_PROBES.FILE {} [get_hw_devices xc7a100t_0]
set_property PROGRAM.FILE {S:/univer/sem2_1/digital_experiment/exp_5/lab5_keyboard/lab5.runs/impl_1/keyboard.bit} [get_hw_devices xc7a100t_0]
program_hw_devices [get_hw_devices xc7a100t_0]
INFO: [Labtools 27-3164] End of startup status: HIGH
refresh_hw_device [lindex [get_hw_devices xc7a100t_0] 0]
INFO: [Labtools 27-1434] Device xc7a100t (JTAG device index = 0) is programmed with a design that has no supported debug core(s) in it.
export_ip_user_files -of_objects  [get_files S:/univer/sem2_1/digital_experiment/exp_5/lab5/KeyboardSim.v] -no_script -reset -force -quiet
export_ip_user_files -of_objects  [get_files S:/univer/sem2_1/digital_experiment/exp_5/lab5/KeyBoardTest.v] -no_script -reset -force -quiet
remove_files  {S:/univer/sem2_1/digital_experiment/exp_5/lab5/KeyboardSim.v S:/univer/sem2_1/digital_experiment/exp_5/lab5/KeyBoardTest.v}
export_ip_user_files -of_objects  [get_files S:/univer/sem2_1/digital_experiment/exp_5/lab5/KeyBoardReceiver.v] -no_script -reset -force -quiet
remove_files  S:/univer/sem2_1/digital_experiment/exp_5/lab5/KeyBoardReceiver.v
export_ip_user_files -of_objects  [get_files S:/univer/sem2_1/digital_experiment/exp_5/lab5/KeyBoardTest.xdc] -no_script -reset -force -quiet
remove_files  -fileset constrs_1 S:/univer/sem2_1/digital_experiment/exp_5/lab5/KeyBoardTest.xdc
set_property is_enabled true [get_files  S:/univer/sem2_1/digital_experiment/exp_5/lab5/MouseReceiver.xdc]
set_property is_enabled false [get_files  S:/univer/sem2_1/digital_experiment/exp_5/lab5/KeyboardSim.xdc]
set_property top MouseReceiver [current_fileset]
export_ip_user_files -of_objects  [get_files S:/univer/sem2_1/digital_experiment/exp_5/lab5/clkgen.v] -no_script -reset -force -quiet
remove_files  S:/univer/sem2_1/digital_experiment/exp_5/lab5/clkgen.v
update_compile_order -fileset sources_1
export_ip_user_files -of_objects  [get_files S:/univer/sem2_1/digital_experiment/exp_5/lab5/kbcode2ascii.v] -no_script -reset -force -quiet
remove_files  S:/univer/sem2_1/digital_experiment/exp_5/lab5/kbcode2ascii.v
export_ip_user_files -of_objects  [get_files S:/univer/sem2_1/digital_experiment/exp_5/lab5_keyboard/lab5.srcs/sources_1/new/KeyBoardSend.v] -no_script -reset -force -quiet
remove_files  S:/univer/sem2_1/digital_experiment/exp_5/lab5_keyboard/lab5.srcs/sources_1/new/KeyBoardSend.v
reset_run synth_1
launch_runs impl_1 -to_step write_bitstream -jobs 14
[Mon Oct 23 20:36:38 2023] Launched synth_1...
Run output will be captured here: S:/univer/sem2_1/digital_experiment/exp_5/lab5_keyboard/lab5.runs/synth_1/runme.log
[Mon Oct 23 20:36:38 2023] Launched impl_1...
Run output will be captured here: S:/univer/sem2_1/digital_experiment/exp_5/lab5_keyboard/lab5.runs/impl_1/runme.log
set_property PROBES.FILE {} [get_hw_devices xc7a100t_0]
set_property FULL_PROBES.FILE {} [get_hw_devices xc7a100t_0]
set_property PROGRAM.FILE {S:/univer/sem2_1/digital_experiment/exp_5/lab5_keyboard/lab5.runs/impl_1/MouseReceiver.bit} [get_hw_devices xc7a100t_0]
program_hw_devices [get_hw_devices xc7a100t_0]
INFO: [Labtools 27-3164] End of startup status: HIGH
refresh_hw_device [lindex [get_hw_devices xc7a100t_0] 0]
INFO: [Labtools 27-1434] Device xc7a100t (JTAG device index = 0) is programmed with a design that has no supported debug core(s) in it.
set_property PROBES.FILE {} [get_hw_devices xc7a100t_0]
set_property FULL_PROBES.FILE {} [get_hw_devices xc7a100t_0]
set_property PROGRAM.FILE {S:/univer/sem2_1/digital_experiment/exp_5/lab5_keyboard/lab5.runs/impl_1/MouseReceiver.bit} [get_hw_devices xc7a100t_0]
program_hw_devices [get_hw_devices xc7a100t_0]
INFO: [Labtools 27-3164] End of startup status: HIGH
refresh_hw_device [lindex [get_hw_devices xc7a100t_0] 0]
INFO: [Labtools 27-1434] Device xc7a100t (JTAG device index = 0) is programmed with a design that has no supported debug core(s) in it.
set_property SOURCE_SET sources_1 [get_filesets sim_1]
add_files -fileset sim_1 -norecurse {S:/univer/sem2_1/digital_experiment/exp_5/lab5_keyboard/lab5.srcs/sources_1/new/gr.v S:/univer/sem2_1/digital_experiment/exp_5/lab5_keyboard/lab5.srcs/sources_1/new/keyboard_gr.v S:/univer/sem2_1/digital_experiment/exp_5/lab5_keyboard/lab5.srcs/sources_1/new/KeyBoardSend.v}
update_compile_order -fileset sim_1
set_property SOURCE_SET sources_1 [get_filesets sim_1]
add_files -fileset sim_1 -norecurse S:/univer/sem2_1/digital_experiment/exp_5/lab5/KeyBoardReceiver.v
update_compile_order -fileset sim_1
export_ip_user_files -of_objects  [get_files S:/univer/sem2_1/digital_experiment/exp_5/lab5_keyboard/lab5.srcs/sources_1/new/keyboard_gr.v] -no_script -reset -force -quiet
export_ip_user_files -of_objects  [get_files S:/univer/sem2_1/digital_experiment/exp_5/lab5/KeyBoardReceiver.v] -no_script -reset -force -quiet
export_ip_user_files -of_objects  [get_files S:/univer/sem2_1/digital_experiment/exp_5/lab5_keyboard/lab5.srcs/sources_1/new/gr.v] -no_script -reset -force -quiet
remove_files  -fileset sim_1 {S:/univer/sem2_1/digital_experiment/exp_5/lab5_keyboard/lab5.srcs/sources_1/new/keyboard_gr.v S:/univer/sem2_1/digital_experiment/exp_5/lab5/KeyBoardReceiver.v S:/univer/sem2_1/digital_experiment/exp_5/lab5_keyboard/lab5.srcs/sources_1/new/gr.v}
export_ip_user_files -of_objects  [get_files S:/univer/sem2_1/digital_experiment/exp_5/lab5/MouseReceiver.v] -no_script -reset -force -quiet
remove_files  S:/univer/sem2_1/digital_experiment/exp_5/lab5/MouseReceiver.v
export_ip_user_files -of_objects  [get_files S:/univer/sem2_1/digital_experiment/exp_5/lab5_keyboard/lab5.srcs/sources_1/new/keyboard_gr.v] -no_script -reset -force -quiet
remove_files  S:/univer/sem2_1/digital_experiment/exp_5/lab5_keyboard/lab5.srcs/sources_1/new/keyboard_gr.v
update_compile_order -fileset sources_1
add_files -norecurse {S:/univer/sem2_1/digital_experiment/exp_5/lab5/MouseReceiver.v S:/univer/sem2_1/digital_experiment/exp_5/lab5/KeyBoardReceiver.v}
update_compile_order -fileset sources_1
add_files -norecurse S:/univer/sem2_1/digital_experiment/exp_5/lab5_keyboard/lab5.srcs/sources_1/new/keyboard_gr.v
update_compile_order -fileset sources_1
move_files -fileset sim_1 [get_files  S:/univer/sem2_1/digital_experiment/exp_5/lab5/KeyBoardReceiver.v]
update_compile_order -fileset sim_1
launch_simulation
Command: launch_simulation 
INFO: [Vivado 12-5682] Launching behavioral simulation in 'S:/univer/sem2_1/digital_experiment/exp_5/lab5_keyboard/lab5.sim/sim_1/behav/xsim'
INFO: [SIM-utils-51] Simulation object is 'sim_1'
INFO: [SIM-utils-54] Inspecting design source files for 'KeyBoardReceiver_tb' in fileset 'sim_1'...
INFO: [USF-XSim-97] Finding global include files...
INFO: [USF-XSim-98] Fetching design files from 'sim_1'...
INFO: [USF-XSim-2] XSim::Compile design
INFO: [USF-XSim-61] Executing 'COMPILE and ANALYZE' step in 'S:/univer/sem2_1/digital_experiment/exp_5/lab5_keyboard/lab5.sim/sim_1/behav/xsim'
"xvlog --incr --relax -prj KeyBoardReceiver_tb_vlog.prj"
INFO: [VRFC 10-2263] Analyzing Verilog file "S:/univer/sem2_1/digital_experiment/exp_5/lab5/KeyBoardReceiver.v" into library xil_defaultlib
INFO: [VRFC 10-311] analyzing module KeyBoardReceiver
INFO: [VRFC 10-311] analyzing module debouncer
INFO: [VRFC 10-2263] Analyzing Verilog file "S:/univer/sem2_1/digital_experiment/exp_5/lab5_keyboard/lab5.srcs/sources_1/new/KeyBoardSend.v" into library xil_defaultlib
INFO: [VRFC 10-311] analyzing module KeyBoardSend
INFO: [VRFC 10-2263] Analyzing Verilog file "S:/univer/sem2_1/digital_experiment/exp_5/lab5/MouseReceiver.v" into library xil_defaultlib
INFO: [VRFC 10-311] analyzing module MouseReceiver
INFO: [VRFC 10-2458] undeclared symbol ready, assumed default net type wire [S:/univer/sem2_1/digital_experiment/exp_5/lab5/MouseReceiver.v:91]
INFO: [VRFC 10-311] analyzing module seg7decima
INFO: [VRFC 10-311] analyzing module debouncer
WARNING: [VRFC 10-3609] overwriting previous definition of module 'debouncer' [S:/univer/sem2_1/digital_experiment/exp_5/lab5/MouseReceiver.v:210]
INFO: [VRFC 10-2263] Analyzing Verilog file "S:/univer/sem2_1/digital_experiment/exp_5/lab5_keyboard/lab5.srcs/sim_1/new/KeyBoardReceiver_tb.v" into library xil_defaultlib
INFO: [VRFC 10-311] analyzing module KeyBoardReceiver_tb
INFO: [VRFC 10-2263] Analyzing Verilog file "S:/univer/sem2_1/digital_experiment/exp_5/lab5_keyboard/lab5.sim/sim_1/behav/xsim/glbl.v" into library xil_defaultlib
INFO: [VRFC 10-311] analyzing module glbl
INFO: [USF-XSim-69] 'compile' step finished in '1' seconds
INFO: [USF-XSim-3] XSim::Elaborate design
INFO: [USF-XSim-61] Executing 'ELABORATE' step in 'S:/univer/sem2_1/digital_experiment/exp_5/lab5_keyboard/lab5.sim/sim_1/behav/xsim'
"xelab -wto ef76bfb70ac64a6387130ffb2ce6332b --incr --debug typical --relax --mt 2 -L xil_defaultlib -L unisims_ver -L unimacro_ver -L secureip --snapshot KeyBoardReceiver_tb_behav xil_defaultlib.KeyBoardReceiver_tb xil_defaultlib.glbl -log elaborate.log"
Vivado Simulator 2020.2
Copyright 1986-1999, 2001-2020 Xilinx, Inc. All Rights Reserved.
Running: G:/vivado/Vivado/2020.2/bin/unwrapped/win64.o/xelab.exe -wto ef76bfb70ac64a6387130ffb2ce6332b --incr --debug typical --relax --mt 2 -L xil_defaultlib -L unisims_ver -L unimacro_ver -L secureip --snapshot KeyBoardReceiver_tb_behav xil_defaultlib.KeyBoardReceiver_tb xil_defaultlib.glbl -log elaborate.log 
Using 2 slave threads.
Starting static elaboration
Pass Through NonSizing Optimizer
Completed static elaboration
Starting simulation data flow analysis
Completed simulation data flow analysis
Time Resolution for simulation is 1ps
Compiling module xil_defaultlib.KeyBoardSend
Compiling module xil_defaultlib.debouncer
Compiling module xil_defaultlib.KeyBoardReceiver
Compiling module xil_defaultlib.KeyBoardReceiver_tb
Compiling module xil_defaultlib.glbl
Built simulation snapshot KeyBoardReceiver_tb_behav

****** Webtalk v2020.2 (64-bit)
  **** SW Build 3064766 on Wed Nov 18 09:12:45 MST 2020
  **** IP Build 3064653 on Wed Nov 18 14:17:31 MST 2020
    ** Copyright 1986-2020 Xilinx, Inc. All Rights Reserved.

source S:/univer/sem2_1/digital_experiment/exp_5/lab5_keyboard/lab5.sim/sim_1/behav/xsim/xsim.dir/KeyBoardReceiver_tb_behav/webtalk/xsim_webtalk.tcl -notrace
INFO: [Common 17-206] Exiting Webtalk at Mon Oct 23 20:49:02 2023...
run_program: Time (s): cpu = 00:00:00 ; elapsed = 00:00:07 . Memory (MB): peak = 2431.121 ; gain = 0.000
INFO: [USF-XSim-69] 'elaborate' step finished in '7' seconds
INFO: [USF-XSim-4] XSim::Simulate design
INFO: [USF-XSim-61] Executing 'SIMULATE' step in 'S:/univer/sem2_1/digital_experiment/exp_5/lab5_keyboard/lab5.sim/sim_1/behav/xsim'
INFO: [USF-XSim-98] *** Running xsim
   with args "KeyBoardReceiver_tb_behav -key {Behavioral:sim_1:Functional:KeyBoardReceiver_tb} -tclbatch {KeyBoardReceiver_tb.tcl} -log {simulate.log}"
INFO: [USF-XSim-8] Loading simulator feature
Vivado Simulator 2020.2
Time resolution is 1 ps
source KeyBoardReceiver_tb.tcl
# set curr_wave [current_wave_config]
# if { [string length $curr_wave] == 0 } {
#   if { [llength [get_objects]] > 0} {
#     add_wave /
#     set_property needs_save false [current_wave_config]
#   } else {
#      send_msg_id Add_Wave-1 WARNING "No top level signals found. Simulator will start without a wave window. If you want to open a wave window go to 'File->New Waveform Configuration' or type 'create_wave_config' in the TCL console."
#   }
# }
# run 1000ns
INFO: [USF-XSim-96] XSim completed. Design snapshot 'KeyBoardReceiver_tb_behav' loaded.
INFO: [USF-XSim-97] XSim simulation ran for 1000ns
launch_simulation: Time (s): cpu = 00:00:01 ; elapsed = 00:00:11 . Memory (MB): peak = 2476.840 ; gain = 45.719
close_sim
INFO: [Simtcl 6-16] Simulation closed
exit
INFO: [Common 17-206] Exiting Vivado at Mon Oct 23 20:50:03 2023...
