#-----------------------------------------------------------
# Vivado v2020.2 (64-bit)
# SW Build 3064766 on Wed Nov 18 09:12:45 MST 2020
# IP Build 3064653 on Wed Nov 18 14:17:31 MST 2020
# Start of session at: Mon Oct 23 20:52:11 2023
# Process ID: 14164
# Current directory: S:/univer/sem2_1/digital_experiment/exp_5/project_5
# Command line: vivado.exe -gui_launcher_event rodinguilauncherevent8580 S:\univer\sem2_1\digital_experiment\exp_5\project_5\lab5.xpr
# Log file: S:/univer/sem2_1/digital_experiment/exp_5/project_5/vivado.log
# Journal file: S:/univer/sem2_1/digital_experiment/exp_5/project_5\vivado.jou
#-----------------------------------------------------------
start_gui
open_project S:/univer/sem2_1/digital_experiment/exp_5/project_5/lab5.xpr
INFO: [Project 1-313] Project file moved from 'S:/univer/sem2_1/digital_experiment/exp_5/lab5_keyboard' since last save.
WARNING: [filemgmt 56-2] Default IP Output Path : Could not find the directory 'S:/univer/sem2_1/digital_experiment/exp_5/project_5/lab5.gen/sources_1', nor could it be found using path 'S:/univer/sem2_1/digital_experiment/exp_5/lab5_keyboard/lab5.gen/sources_1'.
Scanning sources...
Finished scanning sources
INFO: [IP_Flow 19-234] Refreshing IP repositories
INFO: [IP_Flow 19-1704] No user IP repositories specified
INFO: [IP_Flow 19-2313] Loaded Vivado IP repository 'G:/vivado/Vivado/2020.2/data/ip'.
update_compile_order -fileset sources_1
