#-----------------------------------------------------------
# Vivado v2020.2 (64-bit)
# SW Build 3064766 on Wed Nov 18 09:12:45 MST 2020
# IP Build 3064653 on Wed Nov 18 14:17:31 MST 2020
# Start of session at: Sat Nov 25 14:54:40 2023
# Process ID: 7712
# Current directory: C:/Users/HP/Desktop/lab8
# Command line: vivado.exe -gui_launcher_event rodinguilauncherevent2700 C:\Users\HP\Desktop\lab8\lab8.xpr
# Log file: C:/Users/HP/Desktop/lab8/vivado.log
# Journal file: C:/Users/HP/Desktop/lab8\vivado.jou
#-----------------------------------------------------------
start_gui
open_project C:/Users/HP/Desktop/lab8/lab8.xpr
WARNING: [filemgmt 56-3] Default IP Output Path : Could not find the directory 'C:/Users/HP/Desktop/lab8/lab8.gen/sources_1'.
Scanning sources...
Finished scanning sources
INFO: [IP_Flow 19-234] Refreshing IP repositories
INFO: [IP_Flow 19-1704] No user IP repositories specified
INFO: [IP_Flow 19-2313] Loaded Vivado IP repository 'G:/vivado/Vivado/2020.2/data/ip'.
update_compile_order -fileset sources_1
exit
INFO: [Common 17-206] Exiting Vivado at Sat Nov 25 15:14:03 2023...
