#-----------------------------------------------------------
# Vivado v2020.2 (64-bit)
# SW Build 3064766 on Wed Nov 18 09:12:45 MST 2020
# IP Build 3064653 on Wed Nov 18 14:17:31 MST 2020
# Start of session at: Mon Nov 27 22:13:11 2023
# Process ID: 57084
# Current directory: S:/univer/sem2_1/digital_experiment/exp_8/lab8
# Command line: vivado.exe -gui_launcher_event rodinguilauncherevent12808 S:\univer\sem2_1\digital_experiment\exp_8\lab8\lab8.xpr
# Log file: S:/univer/sem2_1/digital_experiment/exp_8/lab8/vivado.log
# Journal file: S:/univer/sem2_1/digital_experiment/exp_8/lab8\vivado.jou
#-----------------------------------------------------------
start_gui
open_project S:/univer/sem2_1/digital_experiment/exp_8/lab8/lab8.xpr
INFO: [Project 1-313] Project file moved from 'C:/Users/HP/Desktop/lab8' since last save.
WARNING: [filemgmt 56-2] Default IP Output Path : Could not find the directory 'S:/univer/sem2_1/digital_experiment/exp_8/lab8/lab8.gen/sources_1', nor could it be found using path 'C:/Users/HP/Desktop/lab8/lab8.gen/sources_1'.
Scanning sources...
Finished scanning sources
INFO: [IP_Flow 19-234] Refreshing IP repositories
INFO: [IP_Flow 19-1704] No user IP repositories specified
INFO: [IP_Flow 19-2313] Loaded Vivado IP repository 'G:/vivado/Vivado/2020.2/data/ip'.
update_compile_order -fileset sources_1
launch_simulation
Command: launch_simulation 
INFO: [Vivado 12-5682] Launching behavioral simulation in 'S:/univer/sem2_1/digital_experiment/exp_8/lab8/lab8.sim/sim_1/behav/xsim'
INFO: [SIM-utils-51] Simulation object is 'sim_1'
INFO: [SIM-utils-54] Inspecting design source files for 'SingleCycleCPU_tb' in fileset 'sim_1'...
INFO: [USF-XSim-97] Finding global include files...
INFO: [USF-XSim-98] Fetching design files from 'sim_1'...
INFO: [USF-XSim-2] XSim::Compile design
INFO: [USF-XSim-61] Executing 'COMPILE and ANALYZE' step in 'S:/univer/sem2_1/digital_experiment/exp_8/lab8/lab8.sim/sim_1/behav/xsim'
"xvlog --incr --relax -prj SingleCycleCPU_tb_vlog.prj"
INFO: [VRFC 10-2263] Analyzing Verilog file "S:/univer/sem2_1/digital_experiment/exp_8/lab8/ALU32.v" into library xil_defaultlib
INFO: [VRFC 10-311] analyzing module ALU32
INFO: [VRFC 10-2263] Analyzing Verilog file "S:/univer/sem2_1/digital_experiment/exp_8/lab8/lab8.srcs/sources_1/new/ALUcontrol.v" into library xil_defaultlib
INFO: [VRFC 10-311] analyzing module ALUcontrol
INFO: [VRFC 10-2263] Analyzing Verilog file "S:/univer/sem2_1/digital_experiment/exp_8/lab8/Adder32.v" into library xil_defaultlib
INFO: [VRFC 10-311] analyzing module Adder32
INFO: [VRFC 10-311] analyzing module CLA_16
INFO: [VRFC 10-311] analyzing module CLA_group
INFO: [VRFC 10-311] analyzing module CLU
INFO: [VRFC 10-311] analyzing module FA_PG
INFO: [VRFC 10-2263] Analyzing Verilog file "S:/univer/sem2_1/digital_experiment/exp_8/lab8/BranchControl.v" into library xil_defaultlib
INFO: [VRFC 10-311] analyzing module BranchControl
INFO: [VRFC 10-2263] Analyzing Verilog file "S:/univer/sem2_1/digital_experiment/exp_8/lab8/Control.v" into library xil_defaultlib
INFO: [VRFC 10-311] analyzing module Control
INFO: [VRFC 10-2263] Analyzing Verilog file "S:/univer/sem2_1/digital_experiment/exp_8/lab8/DataMem.v" into library xil_defaultlib
INFO: [VRFC 10-311] analyzing module DataMem
INFO: [VRFC 10-2263] Analyzing Verilog file "S:/univer/sem2_1/digital_experiment/exp_8/lab8/InstrMem.v" into library xil_defaultlib
INFO: [VRFC 10-311] analyzing module InstrMem
INFO: [VRFC 10-2263] Analyzing Verilog file "S:/univer/sem2_1/digital_experiment/exp_8/lab8/InstrParse.v" into library xil_defaultlib
INFO: [VRFC 10-311] analyzing module InstrParse
INFO: [VRFC 10-2263] Analyzing Verilog file "S:/univer/sem2_1/digital_experiment/exp_8/lab8/InstrToImm.v" into library xil_defaultlib
INFO: [VRFC 10-311] analyzing module InstrToImm
INFO: [VRFC 10-2263] Analyzing Verilog file "S:/univer/sem2_1/digital_experiment/exp_8/lab8/SingleCycleCPU.v" into library xil_defaultlib
INFO: [VRFC 10-311] analyzing module SingleCycleCPU
INFO: [VRFC 10-2263] Analyzing Verilog file "S:/univer/sem2_1/digital_experiment/exp_8/lab8/barrelsft32.v" into library xil_defaultlib
INFO: [VRFC 10-311] analyzing module barrelsft32
INFO: [VRFC 10-2263] Analyzing Verilog file "S:/univer/sem2_1/digital_experiment/exp_8/lab8/lab8.srcs/sources_1/new/mux_3to8.v" into library xil_defaultlib
INFO: [VRFC 10-311] analyzing module mux_3to8
INFO: [VRFC 10-2263] Analyzing Verilog file "S:/univer/sem2_1/digital_experiment/exp_8/lab8/nextPC.v" into library xil_defaultlib
INFO: [VRFC 10-311] analyzing module nextPC
INFO: [VRFC 10-2263] Analyzing Verilog file "S:/univer/sem2_1/digital_experiment/exp_8/lab8/regfile32.v" into library xil_defaultlib
INFO: [VRFC 10-311] analyzing module regfile32
INFO: [VRFC 10-2263] Analyzing Verilog file "S:/univer/sem2_1/digital_experiment/exp_8/lab8/SingleCycleCPU_tb.v" into library xil_defaultlib
INFO: [VRFC 10-311] analyzing module SingleCycleCPU_tb
INFO: [VRFC 10-2263] Analyzing Verilog file "S:/univer/sem2_1/digital_experiment/exp_8/lab8/lab8.sim/sim_1/behav/xsim/glbl.v" into library xil_defaultlib
INFO: [VRFC 10-311] analyzing module glbl
INFO: [USF-XSim-69] 'compile' step finished in '1' seconds
INFO: [USF-XSim-3] XSim::Elaborate design
INFO: [USF-XSim-61] Executing 'ELABORATE' step in 'S:/univer/sem2_1/digital_experiment/exp_8/lab8/lab8.sim/sim_1/behav/xsim'
"xelab -wto c838219e6ce24a24bf035fe2cca6c474 --incr --debug typical --relax --mt 2 -L xil_defaultlib -L unisims_ver -L unimacro_ver -L secureip --snapshot SingleCycleCPU_tb_behav xil_defaultlib.SingleCycleCPU_tb xil_defaultlib.glbl -log elaborate.log"
Vivado Simulator 2020.2
Copyright 1986-1999, 2001-2020 Xilinx, Inc. All Rights Reserved.
Running: G:/vivado/Vivado/2020.2/bin/unwrapped/win64.o/xelab.exe -wto c838219e6ce24a24bf035fe2cca6c474 --incr --debug typical --relax --mt 2 -L xil_defaultlib -L unisims_ver -L unimacro_ver -L secureip --snapshot SingleCycleCPU_tb_behav xil_defaultlib.SingleCycleCPU_tb xil_defaultlib.glbl -log elaborate.log 
Using 2 slave threads.
Starting static elaboration
Pass Through NonSizing Optimizer
WARNING: [VRFC 10-3091] actual bit length 32 differs from formal bit length 16 for port 'addr' [S:/univer/sem2_1/digital_experiment/exp_8/lab8/SingleCycleCPU_tb.v:36]
Completed static elaboration
Starting simulation data flow analysis
Completed simulation data flow analysis
Time Resolution for simulation is 1ps
Compiling module xil_defaultlib.Control
Compiling module xil_defaultlib.BranchControl
Compiling module xil_defaultlib.regfile32
Compiling module xil_defaultlib.InstrToImm
Compiling module xil_defaultlib.InstrParse
Compiling module xil_defaultlib.FA_PG
Compiling module xil_defaultlib.CLU
Compiling module xil_defaultlib.CLA_group
Compiling module xil_defaultlib.CLA_16
Compiling module xil_defaultlib.Adder32
Compiling module xil_defaultlib.barrelsft32
Compiling module xil_defaultlib.ALUcontrol
Compiling module xil_defaultlib.mux_3to8
Compiling module xil_defaultlib.ALU32
Compiling module xil_defaultlib.nextPC
Compiling module xil_defaultlib.SingleCycleCPU
Compiling module xil_defaultlib.InstrMem
Compiling module xil_defaultlib.DataMem
Compiling module xil_defaultlib.SingleCycleCPU_tb
Compiling module xil_defaultlib.glbl
Built simulation snapshot SingleCycleCPU_tb_behav

****** Webtalk v2020.2 (64-bit)
  **** SW Build 3064766 on Wed Nov 18 09:12:45 MST 2020
  **** IP Build 3064653 on Wed Nov 18 14:17:31 MST 2020
    ** Copyright 1986-2020 Xilinx, Inc. All Rights Reserved.

source S:/univer/sem2_1/digital_experiment/exp_8/lab8/lab8.sim/sim_1/behav/xsim/xsim.dir/SingleCycleCPU_tb_behav/webtalk/xsim_webtalk.tcl -notrace
INFO: [Common 17-206] Exiting Webtalk at Mon Nov 27 22:33:51 2023...
INFO: [USF-XSim-69] 'elaborate' step finished in '5' seconds
INFO: [USF-XSim-4] XSim::Simulate design
INFO: [USF-XSim-61] Executing 'SIMULATE' step in 'S:/univer/sem2_1/digital_experiment/exp_8/lab8/lab8.sim/sim_1/behav/xsim'
INFO: [USF-XSim-98] *** Running xsim
   with args "SingleCycleCPU_tb_behav -key {Behavioral:sim_1:Functional:SingleCycleCPU_tb} -tclbatch {SingleCycleCPU_tb.tcl} -log {simulate.log}"
INFO: [USF-XSim-8] Loading simulator feature
Vivado Simulator 2020.2
Time resolution is 1 ps
source SingleCycleCPU_tb.tcl
# set curr_wave [current_wave_config]
# if { [string length $curr_wave] == 0 } {
#   if { [llength [get_objects]] > 0} {
#     add_wave /
#     set_property needs_save false [current_wave_config]
#   } else {
#      send_msg_id Add_Wave-1 WARNING "No top level signals found. Simulator will start without a wave window. If you want to open a wave window go to 'File->New Waveform Configuration' or type 'create_wave_config' in the TCL console."
#   }
# }
# run 250000ns
---Begin test case                   rv32ui-p-add-----
OK:test case                   rv32ui-p-add finshed OK at cycle         456.
---Begin test case                  rv32ui-p-addi-----
OK:test case                  rv32ui-p-addi finshed OK at cycle         233.
---Begin test case                   rv32ui-p-and-----
OK:test case                   rv32ui-p-and finshed OK at cycle         476.
---Begin test case                  rv32ui-p-andi-----
OK:test case                  rv32ui-p-andi finshed OK at cycle         189.
---Begin test case                 rv32ui-p-auipc-----
OK:test case                 rv32ui-p-auipc finshed OK at cycle          50.
---Begin test case                   rv32ui-p-beq-----
OK:test case                   rv32ui-p-beq finshed OK at cycle         282.
---Begin test case                   rv32ui-p-bge-----
OK:test case                   rv32ui-p-bge finshed OK at cycle         300.
---Begin test case                  rv32ui-p-bgeu-----
OK:test case                  rv32ui-p-bgeu finshed OK at cycle         325.
---Begin test case                   rv32ui-p-blt-----
OK:test case                   rv32ui-p-blt finshed OK at cycle         282.
---Begin test case                  rv32ui-p-bltu-----
OK:test case                  rv32ui-p-bltu finshed OK at cycle         307.
---Begin test case                   rv32ui-p-bne-----
OK:test case                   rv32ui-p-bne finshed OK at cycle         282.
---Begin test case                   rv32ui-p-jal-----
OK:test case                   rv32ui-p-jal finshed OK at cycle          46.
---Begin test case                  rv32ui-p-jalr-----
OK:test case                  rv32ui-p-jalr finshed OK at cycle         106.
---Begin test case                    rv32ui-p-lb-----
OK:test case                    rv32ui-p-lb finshed OK at cycle         236.
---Begin test case                   rv32ui-p-lbu-----
OK:test case                   rv32ui-p-lbu finshed OK at cycle         236.
---Begin test case                    rv32ui-p-lh-----
OK:test case                    rv32ui-p-lh finshed OK at cycle         248.
---Begin test case                   rv32ui-p-lhu-----
OK:test case                   rv32ui-p-lhu finshed OK at cycle         255.
---Begin test case                   rv32ui-p-lui-----
OK:test case                   rv32ui-p-lui finshed OK at cycle          56.
---Begin test case                    rv32ui-p-lw-----
OK:test case                    rv32ui-p-lw finshed OK at cycle         258.
---Begin test case                    rv32ui-p-or-----
OK:test case                    rv32ui-p-or finshed OK at cycle         479.
---Begin test case                   rv32ui-p-ori-----
OK:test case                   rv32ui-p-ori finshed OK at cycle         196.
---Begin test case                    rv32ui-p-sb-----
OK:test case                    rv32ui-p-sb finshed OK at cycle         421.
---Begin test case                    rv32ui-p-sh-----
OK:test case                    rv32ui-p-sh finshed OK at cycle         474.
---Begin test case                   rv32ui-p-sll-----
OK:test case                   rv32ui-p-sll finshed OK at cycle         484.
---Begin test case                  rv32ui-p-slli-----
OK:test case                  rv32ui-p-slli finshed OK at cycle         232.
---Begin test case                   rv32ui-p-slt-----
OK:test case                   rv32ui-p-slt finshed OK at cycle         450.
---Begin test case                  rv32ui-p-slti-----
OK:test case                  rv32ui-p-slti finshed OK at cycle         228.
---Begin test case                 rv32ui-p-sltiu-----
OK:test case                 rv32ui-p-sltiu finshed OK at cycle         228.
---Begin test case                  rv32ui-p-sltu-----
OK:test case                  rv32ui-p-sltu finshed OK at cycle         450.
---Begin test case                   rv32ui-p-sra-----
OK:test case                   rv32ui-p-sra finshed OK at cycle         503.
---Begin test case                  rv32ui-p-srai-----
OK:test case                  rv32ui-p-srai finshed OK at cycle         247.
---Begin test case                   rv32ui-p-srl-----
OK:test case                   rv32ui-p-srl finshed OK at cycle         497.
---Begin test case                  rv32ui-p-srli-----
OK:test case                  rv32ui-p-srli finshed OK at cycle         241.
---Begin test case                   rv32ui-p-sub-----
OK:test case                   rv32ui-p-sub finshed OK at cycle         448.
---Begin test case                    rv32ui-p-sw-----
OK:test case                    rv32ui-p-sw finshed OK at cycle         481.
---Begin test case                rv32ui-p-simple-----
OK:test case                rv32ui-p-simple finshed OK at cycle          32.
---Begin test case                rv32ui-p-simple-----
OK:test case                rv32ui-p-simple finshed OK at cycle          32.
---Begin test case                   rv32ui-p-xor-----
OK:test case                   rv32ui-p-xor finshed OK at cycle         478.
---Begin test case                   rv32ui-p-beq-----
OK:test case                   rv32ui-p-beq finshed OK at cycle         282.
---Begin test case                  rv32ui-p-xori-----
OK:test case                  rv32ui-p-xori finshed OK at cycle         198.
$stop called at time : 235960 ns : File "S:/univer/sem2_1/digital_experiment/exp_8/lab8/SingleCycleCPU_tb.v" Line 285
INFO: [USF-XSim-96] XSim completed. Design snapshot 'SingleCycleCPU_tb_behav' loaded.
INFO: [USF-XSim-97] XSim simulation ran for 250000ns
launch_simulation: Time (s): cpu = 00:00:02 ; elapsed = 00:00:11 . Memory (MB): peak = 1006.406 ; gain = 0.000
